1606741975751	geckodriver	INFO	Listening on 127.0.0.1:50400
1606741978780	mozrunner::runner	INFO	Running command: "C:\\Program Files\\Mozilla Firefox\\firefox.exe" "--marionette" "-foreground" "-no-remote" "-profile" "C:\\Users\\Huy\\AppData\\Local\\Temp\\rust_mozprofileJL9gmp"
Can't find symbol 'eglSwapBuffersWithDamageEXT'.
Can't find symbol 'eglSetDamageRegionKHR'.
JavaScript error: resource://gre/modules/XULStore.jsm, line 66: Error: Can't find profile directory.
console.warn: SearchSettings: "get: No settings file exists, new profile?" (new Error("", "(unknown module)"))
1606741980958	Marionette	INFO	Listening on port 50409
1606741981452	Marionette	WARN	TLS certificate errors will be ignored for this session
JavaScript error: http://127.0.0.1:5000/static/site.js, line 12: TypeError: textarea is null
1606742230371	Marionette	INFO	Stopped listening on port 50409

###!!! [Child][RunMessage] Error: Channel closing: too late to send/recv, messages will be lost


###!!! [Child][MessageChannel::SendAndWait] Error: Channel error: cannot send/recv

mp\\rust_mozprofile5ETafn"
Can't find symbol 'eglSwapBuffersWithDamageEXT'.
Can't find symbol 'eglSetDamageRegionKHR'.
JavaScript error: resource://gre/modules/XULStore.jsm, line 66: Error: Can't find profile directory.
console.warn: SearchSettings: "get: No settings file exists, new profile?" (new Error("", "(unknown module)"))
1606742165285	Marionette	INFO	Listening on port 50573
1606742165615	Marionette	WARN	TLS certificate errors will be ignored for this session
JavaScript error: resource:///modules/UrlbarInput.jsm, line 2826: TypeError: event.target.closest is not a function
1606745991816	Marionette	INFO	Stopped listening on port 50573

###!!! [Child][RunMessage] Error: Channel closing: too late to send/recv, messages will be lost


###!!! [Child][MessageChannel::SendAndWait] Error: Channel error: cannot send/recv

'.
JavaScript error: resource://gre/modules/XULStore.jsm, line 66: Error: Can't find profile directory.
console.warn: SearchSettings: "get: No settings file exists, new profile?" (new Error("", "(unknown module)"))
1606742238320	Marionette	INFO	Listening on port 50693
1606742238645	Marionette	WARN	TLS certificate errors will be ignored for this session
1606742241693	Marionette	INFO	Stopped listening on port 50693

###!!! [Child][RunMessage] Error: Channel closing: too late to send/recv, messages will be lost


###!!! [Child][MessageChannel::SendAndWait] Error: Channel error: cannot send/recv

1606742331446	geckodriver	INFO	Listening on 127.0.0.1:50912
1606742334489	mozrunner::runner	INFO	Running command: "C:\\Program Files\\Mozilla Firefox\\firefox.exe" "--marionette" "-foreground" "-no-remote" "-profile" "C:\\Users\\Huy\\AppData\\Local\\Temp\\rust_mozprofileI6vZQj"
Can't find symbol 'eglSwapBuffersWithDamageEXT'.
Can't find symbol 'eglSetDamageRegionKHR'.
JavaScript error: resource://gre/modules/XULStore.jsm, line 66: Error: Can't find profile directory.
console.warn: SearchSettings: "get: No settings file exists, new profile?" (new Error("", "(unknown module)"))
1606742336275	Marionette	INFO	Listening on port 50926
1606742336532	Marionette	WARN	TLS certificate errors will be ignored for this session
1606742339224	Marionette	INFO	Stopped listening on port 50926

###!!! [Child][RunMessage] Error: Channel closing: too late to send/recv, messages will be lost


###!!! [Child][MessageChannel::SendAndWait] Error: Channel error: cannot send/recv

1606742512397	geckodriver	INFO	Listening on 127.0.0.1:51095
1606742515438	mozrunner::runner	INFO	Running command: "C:\\Program Files\\Mozilla Firefox\\firefox.exe" "--marionette" "-foreground" "-no-remote" "-profile" "C:\\Users\\Huy\\AppData\\Local\\Temp\\rust_mozprofile9G0Esg"
Can't find symbol 'eglSwapBuffersWithDamageEXT'.
Can't find symbol 'eglSetDamageRegionKHR'.
JavaScript error: resource://gre/modules/XULStore.jsm, line 66: Error: Can't find profile directory.
console.warn: SearchSettings: "get: No settings file exists, new profile?" (new Error("", "(unknown module)"))
1606742517331	Marionette	INFO	Listening on port 51108
1606742517492	Marionette	WARN	TLS certificate errors will be ignored for this session
1606742521175	Marionette	INFO	Stopped listening on port 51108

###!!! [Child][RunMessage] Error: Channel closing: too late to send/recv, messages will be lost


###!!! [Child][MessageChannel::SendAndWait] Error: Channel error: cannot send/recv

1606743274614	geckodriver	INFO	Listening on 127.0.0.1:51602
1606743277652	mozrunner::runner	INFO	Running command: "C:\\Program Files\\Mozilla Firefox\\firefox.exe" "--marionette" "-foreground" "-no-remote" "-profile" "C:\\Users\\Huy\\AppData\\Local\\Temp\\rust_mozprofile8QdIOb"
Can't find symbol 'eglSwapBuffersWithDamageEXT'.
Can't find symbol 'eglSetDamageRegionKHR'.
JavaScript error: resource://gre/modules/XULStore.jsm, line 66: Error: Can't find profile directory.
console.warn: SearchSettings: "get: No settings file exists, new profile?" (new Error("", "(unknown module)"))
1606743279347	Marionette	INFO	Listening on port 51611
1606743279719	Marionette	WARN	TLS certificate errors will be ignored for this session
1606743282653	Marionette	INFO	Stopped listening on port 51611

###!!! [Child][RunMessage] Error: Channel closing: too late to send/recv, messages will be lost


###!!! [Child][MessageChannel::SendAndWait] Error: Channel error: cannot send/recv

1606744084595	geckodriver	INFO	Listening on 127.0.0.1:52234
1606744087617	mozrunner::runner	INFO	Running command: "C:\\Program Files\\Mozilla Firefox\\firefox.exe" "--marionette" "-foreground" "-no-remote" "-profile" "C:\\Users\\Huy\\AppData\\Local\\Temp\\rust_mozprofilei3SWhh"
Can't find symbol 'eglSwapBuffersWithDamageEXT'.
Can't find symbol 'eglSetDamageRegionKHR'.
JavaScript error: resource://gre/modules/XULStore.jsm, line 66: Error: Can't find profile directory.
console.warn: SearchSettings: "get: No settings file exists, new profile?" (new Error("", "(unknown module)"))
1606744089426	Marionette	INFO	Listening on port 52244
1606744089649	Marionette	WARN	TLS certificate errors will be ignored for this session
1606744092104	Marionette	INFO	Stopped listening on port 52244

###!!! [Child][RunMessage] Error: Channel closing: too late to send/recv, messages will be lost


###!!! [Child][MessageChannel::SendAndWait] Error: Channel error: cannot send/recv

1606744224053	geckodriver	INFO	Listening on 127.0.0.1:52368
1606744227083	mozrunner::runner	INFO	Running command: "C:\\Program Files\\Mozilla Firefox\\firefox.exe" "--marionette" "-foreground" "-no-remote" "-profile" "C:\\Users\\Huy\\AppData\\Local\\Temp\\rust_mozprofile0K0q07"
Can't find symbol 'eglSwapBuffersWithDamageEXT'.
Can't find symbol 'eglSetDamageRegionKHR'.
JavaScript error: resource://gre/modules/XULStore.jsm, line 66: Error: Can't find profile directory.
console.warn: SearchSettings: "get: No settings file exists, new profile?" (new Error("", "(unknown module)"))
1606744228885	Marionette	INFO	Listening on port 52377
1606744229133	Marionette	WARN	TLS certificate errors will be ignored for this session
1606745993840	Marionette	INFO	Stopped listening on port 52377

###!!! [Child][RunMessage] Error: Channel closing: too late to send/recv, messages will be lost


###!!! [Child][MessageChannel::SendAndWait] Error: Channel error: cannot send/recv

mp\\rust_mozprofileWAjKNJ"
Can't find symbol 'eglSwapBuffersWithDamageEXT'.
Can't find symbol 'eglSetDamageRegionKHR'.
JavaScript error: resource://gre/modules/XULStore.jsm, line 66: Error: Can't find profile directory.
console.warn: SearchSettings: "get: No settings file exists, new profile?" (new Error("", "(unknown module)"))
1606744250060	Marionette	INFO	Listening on port 52452
1606744250327	Marionette	WARN	TLS certificate errors will be ignored for this session
1606744253306	Marionette	INFO	Stopped listening on port 52452

###!!! [Child][RunMessage] Error: Channel closing: too late to send/recv, messages will be lost


###!!! [Child][MessageChannel::SendAndWait] Error: Channel error: cannot send/recv

1606744474873	geckodriver	INFO	Listening on 127.0.0.1:52622
1606744477904	mozrunner::runner	INFO	Running command: "C:\\Program Files\\Mozilla Firefox\\firefox.exe" "--marionette" "-foreground" "-no-remote" "-profile" "C:\\Users\\Huy\\AppData\\Local\\Temp\\rust_mozprofile9QAN6b"
Can't find symbol 'eglSwapBuffersWithDamageEXT'.
Can't find symbol 'eglSetDamageRegionKHR'.
JavaScript error: resource://gre/modules/XULStore.jsm, line 66: Error: Can't find profile directory.
console.warn: SearchSettings: "get: No settings file exists, new profile?" (new Error("", "(unknown module)"))
1606744479675	Marionette	INFO	Listening on port 52632
1606744479947	Marionette	WARN	TLS certificate errors will be ignored for this session
JavaScript error: http://127.0.0.1:5000/static/site.js, line 12: TypeError: textarea is null
1606747025749	Marionette	INFO	Stopped listening on port 52632

###!!! [Child][RunMessage] Error: Channel closing: too late to send/recv, messages will be lost


###!!! [Child][MessageChannel::SendAndWait] Error: Channel error: cannot send/recv

mp\\rust_mozprofileZl6hVS"
Can't find symbol 'eglSwapBuffersWithDamageEXT'.
Can't find symbol 'eglSetDamageRegionKHR'.
JavaScript error: resource://gre/modules/XULStore.jsm, line 66: Error: Can't find profile directory.
console.warn: SearchSettings: "get: No settings file exists, new profile?" (new Error("", "(unknown module)"))
1606746174327	Marionette	INFO	Listening on port 53908
1606746174554	Marionette	WARN	TLS certificate errors will be ignored for this session
JavaScript error: http://127.0.0.1:5000/static/site.js, line 12: TypeError: textarea is null
1606746179607	Marionette	INFO	Stopped listening on port 53908

###!!! [Child][RunMessage] Error: Channel closing: too late to send/recv, messages will be lost


###!!! [Child][MessageChannel::SendAndWait] Error: Channel error: cannot send/recv

1606746330053	geckodriver	INFO	Listening on 127.0.0.1:54055
1606746333089	mozrunner::runner	INFO	Running command: "C:\\Program Files\\Mozilla Firefox\\firefox.exe" "--marionette" "-foreground" "-no-remote" "-profile" "C:\\Users\\Huy\\AppData\\Local\\Temp\\rust_mozprofilev5CVxf"
Can't find symbol 'eglSwapBuffersWithDamageEXT'.
Can't find symbol 'eglSetDamageRegionKHR'.
JavaScript error: resource://gre/modules/XULStore.jsm, line 66: Error: Can't find profile directory.
console.warn: SearchSettings: "get: No settings file exists, new profile?" (new Error("", "(unknown module)"))
1606746334818	Marionette	INFO	Listening on port 54065
1606746335144	Marionette	WARN	TLS certificate errors will be ignored for this session
1606746341522	Marionette	INFO	Stopped listening on port 54065

###!!! [Child][RunMessage] Error: Channel closing: too late to send/recv, messages will be lost


###!!! [Child][MessageChannel::SendAndWait] Error: Channel error: cannot send/recv

1606746348543	geckodriver	INFO	Listening on 127.0.0.1:54107
1606746351579	mozrunner::runner	INFO	Running command: "C:\\Program Files\\Mozilla Firefox\\firefox.exe" "--marionette" "-foreground" "-no-remote" "-profile" "C:\\Users\\Huy\\AppData\\Local\\Temp\\rust_mozprofiledWpAr7"
Can't find symbol 'eglSwapBuffersWithDamageEXT'.
Can't find symbol 'eglSetDamageRegionKHR'.
JavaScript error: resource://gre/modules/XULStore.jsm, line 66: Error: Can't find profile directory.
console.warn: SearchSettings: "get: No settings file exists, new profile?" (new Error("", "(unknown module)"))
1606746353329	Marionette	INFO	Listening on port 54116
1606746353631	Marionette	WARN	TLS certificate errors will be ignored for this session
1606746355739	Marionette	INFO	Stopped listening on port 54116

###!!! [Child][RunMessage] Error: Channel closing: too late to send/recv, messages will be lost


###!!! [Child][MessageChannel::SendAndWait] Error: Channel error: cannot send/recv

1606747026791	geckodriver	INFO	Listening on 127.0.0.1:54691
1606747029815	mozrunner::runner	INFO	Running command: "C:\\Program Files\\Mozilla Firefox\\firefox.exe" "--marionette" "-foreground" "-no-remote" "-profile" "C:\\Users\\Huy\\AppData\\Local\\Temp\\rust_mozprofile72uobn"
Can't find symbol 'eglSwapBuffersWithDamageEXT'.
Can't find symbol 'eglSetDamageRegionKHR'.
JavaScript error: resource://gre/modules/XULStore.jsm, line 66: Error: Can't find profile directory.
console.warn: SearchSettings: "get: No settings file exists, new profile?" (new Error("", "(unknown module)"))
1606747031508	Marionette	INFO	Listening on port 54701
1606747031873	Marionette	WARN	TLS certificate errors will be ignored for this session
JavaScript error: http://127.0.0.1:5000/static/site.js, line 12: TypeError: textarea is null
1606747528500	Marionette	INFO	Stopped listening on port 54701

###!!! [Child][RunMessage] Error: Channel closing: too late to send/recv, messages will be lost


###!!! [Child][MessageChannel::SendAndWait] Error: Channel error: cannot send/recv

mp\\rust_mozprofileXE6FhK"
Can't find symbol 'eglSwapBuffersWithDamageEXT'.
Can't find symbol 'eglSetDamageRegionKHR'.
JavaScript error: resource://gre/modules/XULStore.jsm, line 66: Error: Can't find profile directory.
console.warn: SearchSettings: "get: No settings file exists, new profile?" (new Error("", "(unknown module)"))
1606747083619	Marionette	INFO	Listening on port 54795
1606747083969	Marionette	WARN	TLS certificate errors will be ignored for this session
1606747530327	Marionette	INFO	Stopped listening on port 54795

###!!! [Child][MessageChannel::SendAndWait] Error: Channel error: cannot send/recv

firefox.exe" "--marionette" "-foreground" "-no-remote" "-profile" "C:\\Users\\Huy\\AppData\\Local\\Temp\\rust_mozprofilevXET9C"
Can't find symbol 'eglSwapBuffersWithDamageEXT'.
Can't find symbol 'eglSetDamageRegionKHR'.
JavaScript error: resource://gre/modules/XULStore.jsm, line 66: Error: Can't find profile directory.
console.warn: SearchSettings: "get: No settings file exists, new profile?" (new Error("", "(unknown module)"))
1606747113982	Marionette	INFO	Listening on port 54868
1606747114303	Marionette	WARN	TLS certificate errors will be ignored for this session
1606747117088	Marionette	INFO	Stopped listening on port 54868

###!!! [Child][RunMessage] Error: Channel closing: too late to send/recv, messages will be lost


###!!! [Child][MessageChannel::SendAndWait] Error: Channel error: cannot send/recv

1606747121949	geckodriver	INFO	Listening on 127.0.0.1:54923
1606747124984	mozrunner::runner	INFO	Running command: "C:\\Program Files\\Mozilla Firefox\\firefox.exe" "--marionette" "-foreground" "-no-remote" "-profile" "C:\\Users\\Huy\\AppData\\Local\\Temp\\rust_mozprofileIFCIxr"
Can't find symbol 'eglSwapBuffersWithDamageEXT'.
Can't find symbol 'eglSetDamageRegionKHR'.
JavaScript error: resource://gre/modules/XULStore.jsm, line 66: Error: Can't find profile directory.
console.warn: SearchSettings: "get: No settings file exists, new profile?" (new Error("", "(unknown module)"))
1606747126722	Marionette	INFO	Listening on port 54934
1606747127033	Marionette	WARN	TLS certificate errors will be ignored for this session
JavaScript error: http://127.0.0.1:5000/static/site.js, line 12: TypeError: textarea is null
1606747129796	Marionette	INFO	Stopped listening on port 54934

###!!! [Child][RunMessage] Error: Channel closing: too late to send/recv, messages will be lost


###!!! [Child][MessageChannel::SendAndWait] Error: Channel error: cannot send/recv

